2023-12-26 11:37:21,335:INFO:
Scraped table from: https://www.gardenroute.com/South-Africa-Distance-Chart_content_op_view_id_2938 
first column: 'In Kilometres 
scrapped date: 2023-12-26 11:37:21
2023-12-26 11:37:21,615:INFO:
Scraped table from: https://www.skysports.com/premier-league-table 
first column: '# 
scrapped date: 2023-12-26 11:37:21
2023-12-26 11:37:21,812:INFO:
Scraped table from: https://www.skysports.com/la-liga-table 
first column: '# 
scrapped date: 2023-12-26 11:37:21
2023-12-26 11:39:22,284:INFO:
Scraped table from: https://www.gardenroute.com/South-Africa-Distance-Chart_content_op_view_id_2938 
first column: 'In Kilometres 
scrapped date: 2023-12-26 11:39:22
2023-12-26 11:39:22,944:INFO:
Scraped table from: https://www.skysports.com/premier-league-table 
first column: '# 
scrapped date: 2023-12-26 11:39:22
2023-12-26 11:39:23,262:INFO:
Scraped table from: https://www.skysports.com/la-liga-table 
first column: '# 
scrapped date: 2023-12-26 11:39:23
2023-12-26 11:42:40,166:INFO:
Scraped table from: https://www.gardenroute.com/South-Africa-Distance-Chart_content_op_view_id_2938 
first column: 'In Kilometres 
scrapped date: 2023-12-26 11:42:40
2023-12-26 11:42:40,793:INFO:
Scraped table from: https://www.skysports.com/premier-league-table 
first column: '# 
scrapped date: 2023-12-26 11:42:40
2023-12-26 11:42:40,987:INFO:
Scraped table from: https://www.skysports.com/la-liga-table 
first column: '# 
scrapped date: 2023-12-26 11:42:40
2023-12-26 11:44:26,453:INFO:
Scraped table from: https://www.gardenroute.com/South-Africa-Distance-Chart_content_op_view_id_2938 
first column: 'In Kilometres 
scrapped date: 2023-12-26 11:44:26
2023-12-26 11:44:26,808:INFO:
Scraped table from: https://www.skysports.com/premier-league-table 
first column: '# 
scrapped date: 2023-12-26 11:44:26
2023-12-26 11:44:27,059:INFO:
Scraped table from: https://www.skysports.com/la-liga-table 
first column: '# 
scrapped date: 2023-12-26 11:44:27
2023-12-26 11:45:28,024:INFO:
Scraped table from: https://www.gardenroute.com/South-Africa-Distance-Chart_content_op_view_id_2938 
first column: 'In Kilometres 
scrapped date: 2023-12-26 11:45:28
2023-12-26 11:45:28,592:INFO:
Scraped table from: https://www.skysports.com/premier-league-table 
first column: '# 
scrapped date: 2023-12-26 11:45:28
2023-12-26 11:45:28,864:INFO:
Scraped table from: https://www.skysports.com/la-liga-table 
first column: '# 
scrapped date: 2023-12-26 11:45:28
2023-12-26 11:46:39,465:INFO:
Scraped table from: https://www.gardenroute.com/South-Africa-Distance-Chart_content_op_view_id_2938 
first column: 'In Kilometres 
scrapped date: 2023-12-26 11:46:39
2023-12-26 11:46:39,867:INFO:
Scraped table from: https://www.skysports.com/premier-league-table 
first column: '# 
scrapped date: 2023-12-26 11:46:39
2023-12-26 11:46:40,372:INFO:
Scraped table from: https://www.skysports.com/la-liga-table 
first column: '# 
scrapped date: 2023-12-26 11:46:40
2023-12-26 11:47:38,812:INFO:
Scraped table from: https://www.gardenroute.com/South-Africa-Distance-Chart_content_op_view_id_2938 
first column: 'In Kilometres 
scrapped date: 2023-12-26 11:47:38
2023-12-26 11:47:39,051:INFO:
Scraped table from: https://www.skysports.com/premier-league-table 
first column: '# 
scrapped date: 2023-12-26 11:47:39
2023-12-26 11:47:39,433:INFO:
Scraped table from: https://www.skysports.com/la-liga-table 
first column: '# 
scrapped date: 2023-12-26 11:47:39
2023-12-26 11:47:59,361:INFO:
Scraped table from: https://www.gardenroute.com/South-Africa-Distance-Chart_content_op_view_id_2938 
first column: 'In Kilometres 
scrapped date: 2023-12-26 11:47:59
2023-12-26 11:47:59,778:INFO:
Scraped table from: https://www.skysports.com/premier-league-table 
first column: '# 
scrapped date: 2023-12-26 11:47:59
2023-12-26 11:48:00,084:INFO:
Scraped table from: https://www.skysports.com/la-liga-table 
first column: '# 
scrapped date: 2023-12-26 11:48:00
2023-12-26 11:53:28,371:INFO:
Scraped table from: https://www.gardenroute.com/South-Africa-Distance-Chart_content_op_view_id_2938 
first column: 'In Kilometres 
scrapped date: 2023-12-26 11:53:28
2023-12-26 11:53:28,873:INFO:
Scraped table from: https://www.skysports.com/premier-league-table 
first column: '# 
scrapped date: 2023-12-26 11:53:28
2023-12-26 11:53:29,223:INFO:
Scraped table from: https://www.skysports.com/la-liga-table 
first column: '# 
scrapped date: 2023-12-26 11:53:29
2023-12-26 11:53:57,670:INFO:
Scraped table from: https://www.gardenroute.com/South-Africa-Distance-Chart_content_op_view_id_2938 
first column: 'In Kilometres 
scrapped date: 2023-12-26 11:53:57
2023-12-26 11:53:57,921:INFO:
Scraped table from: https://www.skysports.com/premier-league-table 
first column: '# 
scrapped date: 2023-12-26 11:53:57
2023-12-26 11:53:58,167:INFO:
Scraped table from: https://www.skysports.com/la-liga-table 
first column: '# 
scrapped date: 2023-12-26 11:53:58
2023-12-26 11:56:33,751:INFO:
Scraped table from: https://www.gardenroute.com/South-Africa-Distance-Chart_content_op_view_id_2938 
first column: 'In Kilometres 
scrapped date: 2023-12-26 11:56:33
2023-12-26 11:56:34,118:INFO:
Scraped table from: https://www.skysports.com/premier-league-table 
first column: '# 
scrapped date: 2023-12-26 11:56:34
2023-12-26 11:56:34,519:INFO:
Scraped table from: https://www.skysports.com/la-liga-table 
first column: '# 
scrapped date: 2023-12-26 11:56:34
2023-12-26 11:58:17,480:INFO:
Scraped table from: https://www.gardenroute.com/South-Africa-Distance-Chart_content_op_view_id_2938 
first column: 'In Kilometres 
scrapped date: 2023-12-26 11:58:17
2023-12-26 11:58:17,840:INFO:
Scraped table from: https://www.skysports.com/premier-league-table 
first column: '# 
scrapped date: 2023-12-26 11:58:17
2023-12-26 11:58:18,308:INFO:
Scraped table from: https://www.skysports.com/la-liga-table 
first column: '# 
scrapped date: 2023-12-26 11:58:18
2023-12-26 12:04:34,244:INFO:
Scraped table from: https://www.gardenroute.com/South-Africa-Distance-Chart_content_op_view_id_2938 
first column: 'In Kilometres 
scrapped date: 2023-12-26 12:04:34
2023-12-26 12:04:34,642:INFO:
Scraped table from: https://www.skysports.com/premier-league-table 
first column: '# 
scrapped date: 2023-12-26 12:04:34
2023-12-26 12:04:34,932:INFO:
Scraped table from: https://www.skysports.com/la-liga-table 
first column: '# 
scrapped date: 2023-12-26 12:04:34
2023-12-26 12:07:36,018:INFO:
Scraped table from: https://www.gardenroute.com/South-Africa-Distance-Chart_content_op_view_id_2938 
first column: 'In Kilometres 
scrapped date: 2023-12-26 12:07:36
2023-12-26 12:07:36,454:INFO:
Scraped table from: https://www.skysports.com/premier-league-table 
first column: '# 
scrapped date: 2023-12-26 12:07:36
2023-12-26 12:07:36,884:INFO:
Scraped table from: https://www.skysports.com/la-liga-table 
first column: '# 
scrapped date: 2023-12-26 12:07:36
2023-12-26 12:07:39,172:INFO:
Saved table from: https://www.gardenroute.com/South-Africa-Distance-Chart_content_op_view_id_2938 
scrapped date: 2023-12-26 12:07:39
2023-12-26 12:07:39,212:INFO:
Saved table from: https://www.skysports.com/premier-league-table 
scrapped date: 2023-12-26 12:07:39
2023-12-26 12:07:39,245:INFO:
Saved table from: https://www.skysports.com/la-liga-table 
scrapped date: 2023-12-26 12:07:39
2023-12-26 12:08:18,247:INFO:
Scraped table from: https://www.gardenroute.com/South-Africa-Distance-Chart_content_op_view_id_2938 
first column: 'In Kilometres 
scrapped date: 2023-12-26 12:08:18
2023-12-26 12:08:18,766:INFO:
Scraped table from: https://www.skysports.com/premier-league-table 
first column: '# 
scrapped date: 2023-12-26 12:08:18
2023-12-26 12:08:20,131:INFO:
Scraped table from: https://www.skysports.com/la-liga-table 
first column: '# 
scrapped date: 2023-12-26 12:08:20
2023-12-26 12:08:22,092:INFO:
Saved table from: https://www.gardenroute.com/South-Africa-Distance-Chart_content_op_view_id_2938 
scrapped date: 2023-12-26 12:08:22
2023-12-26 12:08:22,117:INFO:
Saved table from: https://www.skysports.com/premier-league-table 
scrapped date: 2023-12-26 12:08:22
2023-12-26 12:08:22,117:INFO:
Saved table from: https://www.skysports.com/la-liga-table 
scrapped date: 2023-12-26 12:08:22
2023-12-26 12:09:03,706:INFO:
Scraped table from: https://www.gardenroute.com/South-Africa-Distance-Chart_content_op_view_id_2938 
first column: 'In Kilometres 
scrapped date: 2023-12-26 12:09:03
2023-12-26 12:09:03,984:INFO:
Scraped table from: https://www.skysports.com/premier-league-table 
first column: '# 
scrapped date: 2023-12-26 12:09:03
2023-12-26 12:09:04,171:INFO:
Scraped table from: https://www.skysports.com/la-liga-table 
first column: '# 
scrapped date: 2023-12-26 12:09:04
2023-12-26 12:09:04,186:INFO:
Saved table from: https://www.gardenroute.com/South-Africa-Distance-Chart_content_op_view_id_2938 
scrapped date: 2023-12-26 12:09:04
2023-12-26 12:09:04,200:INFO:
Saved table from: https://www.skysports.com/premier-league-table 
scrapped date: 2023-12-26 12:09:04
2023-12-26 12:09:04,234:INFO:
Saved table from: https://www.skysports.com/la-liga-table 
scrapped date: 2023-12-26 12:09:04
2023-12-26 12:09:50,871:INFO:
Scraped table from: https://www.gardenroute.com/South-Africa-Distance-Chart_content_op_view_id_2938 
first column: 'In Kilometres 
scrapped date: 2023-12-26 12:09:50
2023-12-26 12:09:51,235:INFO:
Scraped table from: https://www.skysports.com/premier-league-table 
first column: '# 
scrapped date: 2023-12-26 12:09:51
2023-12-26 12:09:51,421:INFO:
Scraped table from: https://www.skysports.com/la-liga-table 
first column: '# 
scrapped date: 2023-12-26 12:09:51
2023-12-26 12:09:51,454:INFO:
Saved table from: https://www.gardenroute.com/South-Africa-Distance-Chart_content_op_view_id_2938 
scrapped date: 2023-12-26 12:09:51
2023-12-26 12:09:51,473:INFO:
Saved table from: https://www.skysports.com/premier-league-table 
scrapped date: 2023-12-26 12:09:51
2023-12-26 12:09:51,492:INFO:
Saved table from: https://www.skysports.com/la-liga-table 
scrapped date: 2023-12-26 12:09:51
2023-12-26 12:10:18,962:INFO:
Scraped table from: https://www.gardenroute.com/South-Africa-Distance-Chart_content_op_view_id_2938 
first column: 'In Kilometres 
scrapped date: 2023-12-26 12:10:18
2023-12-26 12:10:19,394:INFO:
Scraped table from: https://www.skysports.com/premier-league-table 
first column: '# 
scrapped date: 2023-12-26 12:10:19
2023-12-26 12:10:19,611:INFO:
Scraped table from: https://www.skysports.com/la-liga-table 
first column: '# 
scrapped date: 2023-12-26 12:10:19
2023-12-26 12:10:19,644:INFO:
Saved table from: https://www.gardenroute.com/South-Africa-Distance-Chart_content_op_view_id_2938 
scrapped date: 2023-12-26 12:10:19
2023-12-26 12:10:19,665:INFO:
Saved table from: https://www.skysports.com/premier-league-table 
scrapped date: 2023-12-26 12:10:19
2023-12-26 12:10:19,684:INFO:
Saved table from: https://www.skysports.com/la-liga-table 
scrapped date: 2023-12-26 12:10:19
2023-12-26 12:10:34,432:INFO:
Scraped table from: https://www.gardenroute.com/South-Africa-Distance-Chart_content_op_view_id_2938 
first column: 'In Kilometres 
scrapped date: 2023-12-26 12:10:34
2023-12-26 12:10:34,737:INFO:
Scraped table from: https://www.skysports.com/premier-league-table 
first column: '# 
scrapped date: 2023-12-26 12:10:34
2023-12-26 12:10:34,955:INFO:
Scraped table from: https://www.skysports.com/la-liga-table 
first column: '# 
scrapped date: 2023-12-26 12:10:34
2023-12-26 12:10:34,986:INFO:
Saved table from: https://www.gardenroute.com/South-Africa-Distance-Chart_content_op_view_id_2938 
scrapped date: 2023-12-26 12:10:34
2023-12-26 12:10:35,033:INFO:
Saved table from: https://www.skysports.com/premier-league-table 
scrapped date: 2023-12-26 12:10:35
2023-12-26 12:10:35,055:INFO:
Saved table from: https://www.skysports.com/la-liga-table 
scrapped date: 2023-12-26 12:10:35
2023-12-26 12:10:57,431:INFO:
Scraped table from: https://www.gardenroute.com/South-Africa-Distance-Chart_content_op_view_id_2938 
first column: 'In Kilometres 
scrapped date: 2023-12-26 12:10:57
2023-12-26 12:10:57,706:INFO:
Scraped table from: https://www.skysports.com/premier-league-table 
first column: '# 
scrapped date: 2023-12-26 12:10:57
2023-12-26 12:10:57,873:INFO:
Scraped table from: https://www.skysports.com/la-liga-table 
first column: '# 
scrapped date: 2023-12-26 12:10:57
2023-12-26 12:10:57,889:INFO:
Saved table from: https://www.gardenroute.com/South-Africa-Distance-Chart_content_op_view_id_2938 
scrapped date: 2023-12-26 12:10:57
2023-12-26 12:10:57,905:INFO:
Saved table from: https://www.skysports.com/premier-league-table 
scrapped date: 2023-12-26 12:10:57
2023-12-26 12:10:57,916:INFO:
Saved table from: https://www.skysports.com/la-liga-table 
scrapped date: 2023-12-26 12:10:57
2023-12-26 12:11:10,218:INFO:
Scraped table from: https://www.gardenroute.com/South-Africa-Distance-Chart_content_op_view_id_2938 
first column: 'In Kilometres 
scrapped date: 2023-12-26 12:11:10
2023-12-26 12:11:10,406:INFO:
Scraped table from: https://www.skysports.com/premier-league-table 
first column: '# 
scrapped date: 2023-12-26 12:11:10
2023-12-26 12:11:10,603:INFO:
Scraped table from: https://www.skysports.com/la-liga-table 
first column: '# 
scrapped date: 2023-12-26 12:11:10
2023-12-26 12:11:10,618:INFO:
Saved table from: https://www.gardenroute.com/South-Africa-Distance-Chart_content_op_view_id_2938 
scrapped date: 2023-12-26 12:11:10
2023-12-26 12:11:10,634:INFO:
Saved table from: https://www.skysports.com/premier-league-table 
scrapped date: 2023-12-26 12:11:10
2023-12-26 12:11:10,650:INFO:
Saved table from: https://www.skysports.com/la-liga-table 
scrapped date: 2023-12-26 12:11:10
2023-12-26 12:11:22,344:INFO:
Scraped table from: https://www.gardenroute.com/South-Africa-Distance-Chart_content_op_view_id_2938 
first column: 'In Kilometres 
scrapped date: 2023-12-26 12:11:22
2023-12-26 12:11:22,716:INFO:
Scraped table from: https://www.skysports.com/premier-league-table 
first column: '# 
scrapped date: 2023-12-26 12:11:22
2023-12-26 12:11:22,893:INFO:
Scraped table from: https://www.skysports.com/la-liga-table 
first column: '# 
scrapped date: 2023-12-26 12:11:22
2023-12-26 12:11:22,933:INFO:
Saved table from: https://www.gardenroute.com/South-Africa-Distance-Chart_content_op_view_id_2938 
scrapped date: 2023-12-26 12:11:22
2023-12-26 12:11:22,943:INFO:
Saved table from: https://www.skysports.com/premier-league-table 
scrapped date: 2023-12-26 12:11:22
2023-12-26 12:11:22,980:INFO:
Saved table from: https://www.skysports.com/la-liga-table 
scrapped date: 2023-12-26 12:11:22
2023-12-26 12:13:01,301:INFO:
Scraped table from: https://www.gardenroute.com/South-Africa-Distance-Chart_content_op_view_id_2938 
first column: 'In Kilometres 
scrapped date: 2023-12-26 12:13:01
2023-12-26 12:13:01,706:INFO:
Scraped table from: https://www.skysports.com/premier-league-table 
first column: '# 
scrapped date: 2023-12-26 12:13:01
2023-12-26 12:13:01,936:INFO:
Scraped table from: https://www.skysports.com/la-liga-table 
first column: '# 
scrapped date: 2023-12-26 12:13:01
2023-12-26 12:13:01,965:INFO:
Saved table from: https://www.gardenroute.com/South-Africa-Distance-Chart_content_op_view_id_2938 
scrapped date: 2023-12-26 12:13:01
2023-12-26 12:13:02,000:INFO:
Saved table from: https://www.skysports.com/premier-league-table 
scrapped date: 2023-12-26 12:13:02
2023-12-26 12:13:02,013:INFO:
Saved table from: https://www.skysports.com/la-liga-table 
scrapped date: 2023-12-26 12:13:02
2023-12-26 12:13:33,421:INFO:
Scraped table from: https://www.gardenroute.com/South-Africa-Distance-Chart_content_op_view_id_2938 
first column: 'In Kilometres 
scrapped date: 2023-12-26 12:13:33
2023-12-26 12:13:33,777:INFO:
Scraped table from: https://www.skysports.com/premier-league-table 
first column: '# 
scrapped date: 2023-12-26 12:13:33
2023-12-26 12:13:34,158:INFO:
Scraped table from: https://www.skysports.com/la-liga-table 
first column: '# 
scrapped date: 2023-12-26 12:13:34
2023-12-26 12:13:34,173:INFO:
Saved table from: https://www.gardenroute.com/South-Africa-Distance-Chart_content_op_view_id_2938 
scrapped date: 2023-12-26 12:13:34
2023-12-26 12:13:34,189:INFO:
Saved table from: https://www.skysports.com/premier-league-table 
scrapped date: 2023-12-26 12:13:34
2023-12-26 12:13:34,211:INFO:
Saved table from: https://www.skysports.com/la-liga-table 
scrapped date: 2023-12-26 12:13:34
2023-12-26 12:14:27,769:INFO:
Scraped table from: https://www.gardenroute.com/South-Africa-Distance-Chart_content_op_view_id_2938 
first column: 'In Kilometres 
scrapped date: 2023-12-26 12:14:27
2023-12-26 12:14:28,127:INFO:
Scraped table from: https://www.skysports.com/premier-league-table 
first column: '# 
scrapped date: 2023-12-26 12:14:28
2023-12-26 12:14:28,415:INFO:
Scraped table from: https://www.skysports.com/la-liga-table 
first column: '# 
scrapped date: 2023-12-26 12:14:28
2023-12-26 12:14:28,464:INFO:
Saved table from: https://www.gardenroute.com/South-Africa-Distance-Chart_content_op_view_id_2938 
scrapped date: 2023-12-26 12:14:28
2023-12-26 12:14:28,494:INFO:
Saved table from: https://www.skysports.com/premier-league-table 
scrapped date: 2023-12-26 12:14:28
2023-12-26 12:14:28,521:INFO:
Saved table from: https://www.skysports.com/la-liga-table 
scrapped date: 2023-12-26 12:14:28
2023-12-26 12:14:51,795:INFO:
Scraped table from: https://www.gardenroute.com/South-Africa-Distance-Chart_content_op_view_id_2938 
first column: 'In Kilometres 
scrapped date: 2023-12-26 12:14:51
2023-12-26 12:14:52,024:INFO:
Scraped table from: https://www.skysports.com/premier-league-table 
first column: '# 
scrapped date: 2023-12-26 12:14:52
2023-12-26 12:14:52,393:INFO:
Scraped table from: https://www.skysports.com/la-liga-table 
first column: '# 
scrapped date: 2023-12-26 12:14:52
2023-12-26 12:14:52,409:INFO:
Saved table from: https://www.gardenroute.com/South-Africa-Distance-Chart_content_op_view_id_2938 
scrapped date: 2023-12-26 12:14:52
2023-12-26 12:14:52,420:INFO:
Saved table from: https://www.skysports.com/premier-league-table 
scrapped date: 2023-12-26 12:14:52
2023-12-26 12:14:52,436:INFO:
Saved table from: https://www.skysports.com/la-liga-table 
scrapped date: 2023-12-26 12:14:52
2023-12-26 12:15:27,181:INFO:
Scraped table from: https://www.gardenroute.com/South-Africa-Distance-Chart_content_op_view_id_2938 
first column: 'In Kilometres 
scrapped date: 2023-12-26 12:15:27
2023-12-26 12:15:27,446:INFO:
Scraped table from: https://www.skysports.com/premier-league-table 
first column: '# 
scrapped date: 2023-12-26 12:15:27
2023-12-26 12:15:27,646:INFO:
Scraped table from: https://www.skysports.com/la-liga-table 
first column: '# 
scrapped date: 2023-12-26 12:15:27
2023-12-26 12:15:27,679:INFO:
Saved table from: https://www.gardenroute.com/South-Africa-Distance-Chart_content_op_view_id_2938 
scrapped date: 2023-12-26 12:15:27
2023-12-26 12:15:27,716:INFO:
Saved table from: https://www.skysports.com/premier-league-table 
scrapped date: 2023-12-26 12:15:27
2023-12-26 12:15:27,763:INFO:
Saved table from: https://www.skysports.com/la-liga-table 
scrapped date: 2023-12-26 12:15:27
2023-12-26 12:15:45,481:INFO:
Scraped table from: https://www.gardenroute.com/South-Africa-Distance-Chart_content_op_view_id_2938 
first column: 'In Kilometres 
scrapped date: 2023-12-26 12:15:45
2023-12-26 12:15:45,699:INFO:
Scraped table from: https://www.skysports.com/premier-league-table 
first column: '# 
scrapped date: 2023-12-26 12:15:45
2023-12-26 12:15:46,085:INFO:
Scraped table from: https://www.skysports.com/la-liga-table 
first column: '# 
scrapped date: 2023-12-26 12:15:46
2023-12-26 12:15:46,105:INFO:
Saved table from: https://www.gardenroute.com/South-Africa-Distance-Chart_content_op_view_id_2938 
scrapped date: 2023-12-26 12:15:46
2023-12-26 12:15:46,120:INFO:
Saved table from: https://www.skysports.com/premier-league-table 
scrapped date: 2023-12-26 12:15:46
2023-12-26 12:15:46,136:INFO:
Saved table from: https://www.skysports.com/la-liga-table 
scrapped date: 2023-12-26 12:15:46
2023-12-26 12:16:08,346:INFO:
Scraped table from: https://www.gardenroute.com/South-Africa-Distance-Chart_content_op_view_id_2938 
first column: 'In Kilometres 
scrapped date: 2023-12-26 12:16:08
2023-12-26 12:16:08,671:INFO:
Scraped table from: https://www.skysports.com/premier-league-table 
first column: '# 
scrapped date: 2023-12-26 12:16:08
2023-12-26 12:16:08,832:INFO:
Scraped table from: https://www.skysports.com/la-liga-table 
first column: '# 
scrapped date: 2023-12-26 12:16:08
2023-12-26 12:16:08,863:INFO:
Saved table from: https://www.gardenroute.com/South-Africa-Distance-Chart_content_op_view_id_2938 
scrapped date: 2023-12-26 12:16:08
2023-12-26 12:16:08,887:INFO:
Saved table from: https://www.skysports.com/premier-league-table 
scrapped date: 2023-12-26 12:16:08
2023-12-26 12:16:08,907:INFO:
Saved table from: https://www.skysports.com/la-liga-table 
scrapped date: 2023-12-26 12:16:08
2023-12-26 12:16:23,567:INFO:
Scraped table from: https://www.gardenroute.com/South-Africa-Distance-Chart_content_op_view_id_2938 
first column: 'In Kilometres 
scrapped date: 2023-12-26 12:16:23
2023-12-26 12:16:23,854:INFO:
Scraped table from: https://www.skysports.com/premier-league-table 
first column: '# 
scrapped date: 2023-12-26 12:16:23
2023-12-26 12:16:24,023:INFO:
Scraped table from: https://www.skysports.com/la-liga-table 
first column: '# 
scrapped date: 2023-12-26 12:16:24
2023-12-26 12:16:24,039:INFO:
Saved table from: https://www.gardenroute.com/South-Africa-Distance-Chart_content_op_view_id_2938 
scrapped date: 2023-12-26 12:16:24
2023-12-26 12:16:24,055:INFO:
Saved table from: https://www.skysports.com/premier-league-table 
scrapped date: 2023-12-26 12:16:24
2023-12-26 12:16:24,078:INFO:
Saved table from: https://www.skysports.com/la-liga-table 
scrapped date: 2023-12-26 12:16:24
2023-12-26 12:16:34,608:INFO:
Scraped table from: https://www.gardenroute.com/South-Africa-Distance-Chart_content_op_view_id_2938 
first column: 'In Kilometres 
scrapped date: 2023-12-26 12:16:34
2023-12-26 12:16:34,898:INFO:
Scraped table from: https://www.skysports.com/premier-league-table 
first column: '# 
scrapped date: 2023-12-26 12:16:34
2023-12-26 12:16:35,060:INFO:
Scraped table from: https://www.skysports.com/la-liga-table 
first column: '# 
scrapped date: 2023-12-26 12:16:35
2023-12-26 12:16:35,091:INFO:
Saved table from: https://www.gardenroute.com/South-Africa-Distance-Chart_content_op_view_id_2938 
scrapped date: 2023-12-26 12:16:35
2023-12-26 12:16:35,091:INFO:
Saved table from: https://www.skysports.com/premier-league-table 
scrapped date: 2023-12-26 12:16:35
2023-12-26 12:16:35,107:INFO:
Saved table from: https://www.skysports.com/la-liga-table 
scrapped date: 2023-12-26 12:16:35
2023-12-26 12:16:47,082:INFO:
Scraped table from: https://www.gardenroute.com/South-Africa-Distance-Chart_content_op_view_id_2938 
first column: 'In Kilometres 
scrapped date: 2023-12-26 12:16:47
2023-12-26 12:16:47,381:INFO:
Scraped table from: https://www.skysports.com/premier-league-table 
first column: '# 
scrapped date: 2023-12-26 12:16:47
2023-12-26 12:16:47,579:INFO:
Scraped table from: https://www.skysports.com/la-liga-table 
first column: '# 
scrapped date: 2023-12-26 12:16:47
2023-12-26 12:16:47,607:INFO:
Saved table from: https://www.gardenroute.com/South-Africa-Distance-Chart_content_op_view_id_2938 
scrapped date: 2023-12-26 12:16:47
2023-12-26 12:16:47,634:INFO:
Saved table from: https://www.skysports.com/premier-league-table 
scrapped date: 2023-12-26 12:16:47
2023-12-26 12:16:47,655:INFO:
Saved table from: https://www.skysports.com/la-liga-table 
scrapped date: 2023-12-26 12:16:47
2023-12-26 12:18:13,612:INFO:
Scraped table from: https://www.gardenroute.com/South-Africa-Distance-Chart_content_op_view_id_2938 
first column: 'In Kilometres 
scrapped date: 2023-12-26 12:18:13
2023-12-26 12:18:14,115:INFO:
Scraped table from: https://www.skysports.com/premier-league-table 
first column: '# 
scrapped date: 2023-12-26 12:18:14
2023-12-26 12:18:14,334:INFO:
Scraped table from: https://www.skysports.com/la-liga-table 
first column: '# 
scrapped date: 2023-12-26 12:18:14
2023-12-26 12:18:14,370:INFO:
Saved table from: https://www.gardenroute.com/South-Africa-Distance-Chart_content_op_view_id_2938 
scrapped date: 2023-12-26 12:18:14
2023-12-26 12:18:14,398:INFO:
Saved table from: https://www.skysports.com/premier-league-table 
scrapped date: 2023-12-26 12:18:14
2023-12-26 12:18:14,415:INFO:
Saved table from: https://www.skysports.com/la-liga-table 
scrapped date: 2023-12-26 12:18:14
2023-12-26 12:18:28,420:INFO:
Scraped table from: https://www.gardenroute.com/South-Africa-Distance-Chart_content_op_view_id_2938 
first column: 'In Kilometres 
scrapped date: 2023-12-26 12:18:28
2023-12-26 12:18:28,818:INFO:
Scraped table from: https://www.skysports.com/premier-league-table 
first column: '# 
scrapped date: 2023-12-26 12:18:28
2023-12-26 12:18:29,009:INFO:
Scraped table from: https://www.skysports.com/la-liga-table 
first column: '# 
scrapped date: 2023-12-26 12:18:29
2023-12-26 12:18:29,040:INFO:
Saved table from: https://www.gardenroute.com/South-Africa-Distance-Chart_content_op_view_id_2938 
scrapped date: 2023-12-26 12:18:29
2023-12-26 12:18:29,061:INFO:
Saved table from: https://www.skysports.com/premier-league-table 
scrapped date: 2023-12-26 12:18:29
2023-12-26 12:18:29,084:INFO:
Saved table from: https://www.skysports.com/la-liga-table 
scrapped date: 2023-12-26 12:18:29
2023-12-26 12:24:07,454:INFO:
Scraped table from: https://www.gardenroute.com/South-Africa-Distance-Chart_content_op_view_id_2938 
first column: 'In Kilometres 
scrapped date: 2023-12-26 12:24:07
2023-12-26 12:24:07,838:INFO:
Scraped table from: https://www.skysports.com/premier-league-table 
first column: '# 
scrapped date: 2023-12-26 12:24:07
2023-12-26 12:24:08,058:INFO:
Scraped table from: https://www.skysports.com/la-liga-table 
first column: '# 
scrapped date: 2023-12-26 12:24:08
2023-12-26 12:24:10,140:INFO:
Saved table from: https://www.gardenroute.com/South-Africa-Distance-Chart_content_op_view_id_2938 
scrapped date: 2023-12-26 12:24:10
2023-12-26 12:24:10,141:INFO:
Saved table from: https://www.skysports.com/premier-league-table 
scrapped date: 2023-12-26 12:24:10
2023-12-26 12:24:10,152:INFO:
Saved table from: https://www.skysports.com/la-liga-table 
scrapped date: 2023-12-26 12:24:10
2023-12-26 12:26:57,071:INFO:
Scraped table from: https://www.gardenroute.com/South-Africa-Distance-Chart_content_op_view_id_2938 
first column: 'In Kilometres 
scrapped date: 2023-12-26 12:26:57
2023-12-26 12:26:57,275:INFO:
Scraped table from: https://www.skysports.com/premier-league-table 
first column: '# 
scrapped date: 2023-12-26 12:26:57
2023-12-26 12:26:57,811:INFO:
Scraped table from: https://www.skysports.com/la-liga-table 
first column: '# 
scrapped date: 2023-12-26 12:26:57
2023-12-26 12:26:57,827:INFO:
Saved table from: https://www.gardenroute.com/South-Africa-Distance-Chart_content_op_view_id_2938 
scrapped date: 2023-12-26 12:26:57
2023-12-26 12:26:57,842:INFO:
Saved table from: https://www.skysports.com/premier-league-table 
scrapped date: 2023-12-26 12:26:57
2023-12-26 12:26:57,858:INFO:
Saved table from: https://www.skysports.com/la-liga-table 
scrapped date: 2023-12-26 12:26:57
2023-12-26 12:36:55,821:INFO:
Scraped table from: https://www.gardenroute.com/South-Africa-Distance-Chart_content_op_view_id_2938 
first column: 'In Kilometres 
scrapped date: 2023-12-26 12:36:55
2023-12-26 12:36:56,230:INFO:
Scraped table from: https://www.skysports.com/premier-league-table 
first column: '# 
scrapped date: 2023-12-26 12:36:56
2023-12-26 12:36:56,484:INFO:
Scraped table from: https://www.skysports.com/la-liga-table 
first column: '# 
scrapped date: 2023-12-26 12:36:56
2023-12-26 12:37:30,188:INFO:
Scraped table from: https://www.gardenroute.com/South-Africa-Distance-Chart_content_op_view_id_2938 
first column: 'In Kilometres 
scrapped date: 2023-12-26 12:37:30
2023-12-26 12:37:30,858:INFO:
Scraped table from: https://www.skysports.com/premier-league-table 
first column: '# 
scrapped date: 2023-12-26 12:37:30
2023-12-26 12:37:31,112:INFO:
Scraped table from: https://www.skysports.com/la-liga-table 
first column: '# 
scrapped date: 2023-12-26 12:37:31
2023-12-26 12:38:29,413:INFO:
Scraped table from: https://www.gardenroute.com/South-Africa-Distance-Chart_content_op_view_id_2938 
first column: 'In Kilometres 
scrapped date: 2023-12-26 12:38:29
2023-12-26 12:38:29,630:INFO:
Scraped table from: https://www.skysports.com/premier-league-table 
first column: '# 
scrapped date: 2023-12-26 12:38:29
2023-12-26 12:38:29,808:INFO:
Scraped table from: https://www.skysports.com/la-liga-table 
first column: '# 
scrapped date: 2023-12-26 12:38:29
2023-12-26 12:39:00,855:INFO:
Scraped table from: https://www.gardenroute.com/South-Africa-Distance-Chart_content_op_view_id_2938 
first column: 'In Kilometres 
scrapped date: 2023-12-26 12:39:00
2023-12-26 12:39:01,072:INFO:
Scraped table from: https://www.skysports.com/premier-league-table 
first column: '# 
scrapped date: 2023-12-26 12:39:01
2023-12-26 12:39:01,275:INFO:
Scraped table from: https://www.skysports.com/la-liga-table 
first column: '# 
scrapped date: 2023-12-26 12:39:01
2023-12-26 12:43:49,665:INFO:
Scraped table from: https://www.gardenroute.com/South-Africa-Distance-Chart_content_op_view_id_2938 
first column: 'In Kilometres 
scrapped date: 2023-12-26 12:43:49
2023-12-26 12:43:49,941:INFO:
Scraped table from: https://www.skysports.com/premier-league-table 
first column: '# 
scrapped date: 2023-12-26 12:43:49
2023-12-26 12:43:50,135:INFO:
Scraped table from: https://www.skysports.com/la-liga-table 
first column: '# 
scrapped date: 2023-12-26 12:43:50
2023-12-26 12:43:50,150:INFO:
Saved table from: https://www.gardenroute.com/South-Africa-Distance-Chart_content_op_view_id_2938 
scrapped date: 2023-12-26 12:43:50
2023-12-26 12:43:50,166:INFO:
Saved table from: https://www.skysports.com/premier-league-table 
scrapped date: 2023-12-26 12:43:50
2023-12-26 12:43:50,182:INFO:
Saved table from: https://www.skysports.com/la-liga-table 
scrapped date: 2023-12-26 12:43:50
2023-12-26 12:43:56,799:INFO:
Scraped table from: https://www.gardenroute.com/South-Africa-Distance-Chart_content_op_view_id_2938 
first column: 'In Kilometres 
scrapped date: 2023-12-26 12:43:56
2023-12-26 12:43:56,996:INFO:
Scraped table from: https://www.skysports.com/premier-league-table 
first column: '# 
scrapped date: 2023-12-26 12:43:56
2023-12-26 12:43:57,237:INFO:
Scraped table from: https://www.skysports.com/la-liga-table 
first column: '# 
scrapped date: 2023-12-26 12:43:57
2023-12-26 12:43:57,268:INFO:
Saved table from: https://www.gardenroute.com/South-Africa-Distance-Chart_content_op_view_id_2938 
scrapped date: 2023-12-26 12:43:57
2023-12-26 12:43:57,293:INFO:
Saved table from: https://www.skysports.com/premier-league-table 
scrapped date: 2023-12-26 12:43:57
2023-12-26 12:43:57,318:INFO:
Saved table from: https://www.skysports.com/la-liga-table 
scrapped date: 2023-12-26 12:43:57
2023-12-26 12:49:09,823:INFO:
Scraped table from: https://www.gardenroute.com/South-Africa-Distance-Chart_content_op_view_id_2938 
first column: 'In Kilometres 
scrapped date: 2023-12-26 12:49:09
2023-12-26 12:49:10,129:INFO:
Scraped table from: https://www.skysports.com/premier-league-table 
first column: '# 
scrapped date: 2023-12-26 12:49:10
2023-12-26 12:49:10,666:INFO:
Scraped table from: https://www.skysports.com/la-liga-table 
first column: '# 
scrapped date: 2023-12-26 12:49:10
2023-12-26 12:49:12,694:INFO:
Saved table from: https://www.gardenroute.com/South-Africa-Distance-Chart_content_op_view_id_2938 
scrapped date: 2023-12-26 12:49:12
2023-12-26 12:49:12,710:INFO:
Saved table from: https://www.skysports.com/premier-league-table 
scrapped date: 2023-12-26 12:49:12
2023-12-26 12:49:12,710:INFO:
Saved table from: https://www.skysports.com/la-liga-table 
scrapped date: 2023-12-26 12:49:12
2023-12-26 12:52:18,780:INFO:
Scraped table from: https://www.gardenroute.com/South-Africa-Distance-Chart_content_op_view_id_2938 
first column: 'In Kilometres 
scrapped date: 2023-12-26 12:52:18
2023-12-26 12:52:19,331:INFO:
Scraped table from: https://www.skysports.com/premier-league-table 
first column: '# 
scrapped date: 2023-12-26 12:52:19
2023-12-26 12:52:19,720:INFO:
Scraped table from: https://www.skysports.com/la-liga-table 
first column: '# 
scrapped date: 2023-12-26 12:52:19
2023-12-26 12:52:52,859:INFO:
Scraped table from: https://www.gardenroute.com/South-Africa-Distance-Chart_content_op_view_id_2938 
first column: 'In Kilometres 
scrapped date: 2023-12-26 12:52:52
2023-12-26 12:52:53,247:INFO:
Scraped table from: https://www.skysports.com/premier-league-table 
first column: '# 
scrapped date: 2023-12-26 12:52:53
2023-12-26 12:52:53,576:INFO:
Scraped table from: https://www.skysports.com/la-liga-table 
first column: '# 
scrapped date: 2023-12-26 12:52:53
2023-12-26 12:52:55,804:INFO:Saved table from: https://www.gardenroute.com/South-Africa-Distance-Chart_content_op_view_id_2938 scrapped date: 2023-12-26 12:52:55
2023-12-26 12:52:55,835:INFO:Saved table from: https://www.skysports.com/premier-league-table scrapped date: 2023-12-26 12:52:55
2023-12-26 12:52:55,851:INFO:Saved table from: https://www.skysports.com/la-liga-table scrapped date: 2023-12-26 12:52:55
2023-12-26 12:54:45,934:INFO:
Scraped table from: https://www.gardenroute.com/South-Africa-Distance-Chart_content_op_view_id_2938 
first column: 'In Kilometres 
scrapped date: 2023-12-26 12:54:45
2023-12-26 12:54:46,169:INFO:
Scraped table from: https://www.skysports.com/premier-league-table 
first column: '# 
scrapped date: 2023-12-26 12:54:46
2023-12-26 12:54:46,573:INFO:
Scraped table from: https://www.skysports.com/la-liga-table 
first column: '# 
scrapped date: 2023-12-26 12:54:46
2023-12-26 12:54:46,604:INFO:Saved table from: https://www.gardenroute.com/South-Africa-Distance-Chart_content_op_view_id_2938 scrapped date: 2023-12-26 12:54:46
2023-12-26 12:54:46,647:INFO:Saved table from: https://www.skysports.com/premier-league-table scrapped date: 2023-12-26 12:54:46
2023-12-26 12:54:46,686:INFO:Saved table from: https://www.skysports.com/la-liga-table scrapped date: 2023-12-26 12:54:46
2023-12-26 12:55:13,279:INFO:
Scraped table from: https://www.gardenroute.com/South-Africa-Distance-Chart_content_op_view_id_2938 
first column: 'In Kilometres 
scrapped date: 2023-12-26 12:55:13
2023-12-26 12:55:13,593:INFO:
Scraped table from: https://www.skysports.com/premier-league-table 
first column: '# 
scrapped date: 2023-12-26 12:55:13
2023-12-26 12:55:13,894:INFO:
Scraped table from: https://www.skysports.com/la-liga-table 
first column: '# 
scrapped date: 2023-12-26 12:55:13
2023-12-26 12:55:16,187:INFO:Saved table from: https://www.gardenroute.com/South-Africa-Distance-Chart_content_op_view_id_2938 scrapped date: 2023-12-26 12:55:16
2023-12-26 12:55:16,202:INFO:Saved table from: https://www.skysports.com/premier-league-table scrapped date: 2023-12-26 12:55:16
2023-12-26 12:55:16,218:INFO:Saved table from: https://www.skysports.com/la-liga-table scrapped date: 2023-12-26 12:55:16
2023-12-26 12:57:20,768:INFO:
Scraped table from: https://www.gardenroute.com/South-Africa-Distance-Chart_content_op_view_id_2938 
first column: 'In Kilometres 
scrapped date: 2023-12-26 12:57:20
2023-12-26 12:57:21,088:INFO:
Scraped table from: https://www.skysports.com/premier-league-table 
first column: '# 
scrapped date: 2023-12-26 12:57:21
2023-12-26 12:57:21,349:INFO:
Scraped table from: https://www.skysports.com/la-liga-table 
first column: '# 
scrapped date: 2023-12-26 12:57:21
2023-12-26 12:58:31,629:INFO:
Scraped table from: https://www.gardenroute.com/South-Africa-Distance-Chart_content_op_view_id_2938 
first column: 'In Kilometres 
scrapped date: 2023-12-26 12:58:31
2023-12-26 12:58:31,944:INFO:
Scraped table from: https://www.skysports.com/premier-league-table 
first column: '# 
scrapped date: 2023-12-26 12:58:31
2023-12-26 12:58:32,170:INFO:
Scraped table from: https://www.skysports.com/la-liga-table 
first column: '# 
scrapped date: 2023-12-26 12:58:32
2023-12-26 12:58:47,614:INFO:
Scraped table from: https://www.gardenroute.com/South-Africa-Distance-Chart_content_op_view_id_2938 
first column: 'In Kilometres 
scrapped date: 2023-12-26 12:58:47
2023-12-26 12:58:47,800:INFO:
Scraped table from: https://www.skysports.com/premier-league-table 
first column: '# 
scrapped date: 2023-12-26 12:58:47
2023-12-26 12:58:47,982:INFO:
Scraped table from: https://www.skysports.com/la-liga-table 
first column: '# 
scrapped date: 2023-12-26 12:58:47
2023-12-26 12:59:27,785:INFO:
Scraped table from: https://www.gardenroute.com/South-Africa-Distance-Chart_content_op_view_id_2938 
first column: 'In Kilometres 
scrapped date: 2023-12-26 12:59:27
2023-12-26 12:59:28,534:INFO:
Scraped table from: https://www.skysports.com/premier-league-table 
first column: '# 
scrapped date: 2023-12-26 12:59:28
2023-12-26 12:59:28,721:INFO:
Scraped table from: https://www.skysports.com/la-liga-table 
first column: '# 
scrapped date: 2023-12-26 12:59:28
2023-12-26 13:00:32,249:INFO:
Scraped table from: https://www.gardenroute.com/South-Africa-Distance-Chart_content_op_view_id_2938 
first column: 'In Kilometres 
scrapped date: 2023-12-26 13:00:32
2023-12-26 13:00:32,567:INFO:
Scraped table from: https://www.skysports.com/premier-league-table 
first column: '# 
scrapped date: 2023-12-26 13:00:32
2023-12-26 13:00:33,085:INFO:
Scraped table from: https://www.skysports.com/la-liga-table 
first column: '# 
scrapped date: 2023-12-26 13:00:33
2023-12-26 13:02:17,304:INFO:
Scraped table from: https://www.gardenroute.com/South-Africa-Distance-Chart_content_op_view_id_2938 
first column: 'In Kilometres 
scrapped date: 2023-12-26 13:02:17
2023-12-26 13:02:17,706:INFO:
Scraped table from: https://www.skysports.com/premier-league-table 
first column: '# 
scrapped date: 2023-12-26 13:02:17
2023-12-26 13:02:18,030:INFO:
Scraped table from: https://www.skysports.com/la-liga-table 
first column: '# 
scrapped date: 2023-12-26 13:02:18
2023-12-26 13:02:20,326:INFO:Saved table from: https://www.gardenroute.com/South-Africa-Distance-Chart_content_op_view_id_2938 scrapped date: 2023-12-26 13:02:20
2023-12-26 13:02:20,476:INFO:Saved table from: https://www.skysports.com/premier-league-table scrapped date: 2023-12-26 13:02:20
2023-12-26 13:02:20,683:INFO:Saved table from: https://www.skysports.com/la-liga-table scrapped date: 2023-12-26 13:02:20
2023-12-26 13:04:11,173:INFO:
Scraped table from: https://www.gardenroute.com/South-Africa-Distance-Chart_content_op_view_id_2938 
first column: 'In Kilometres 
scrapped date: 2023-12-26 13:04:11
2023-12-26 13:04:11,364:INFO:
Scraped table from: https://www.skysports.com/premier-league-table 
first column: '# 
scrapped date: 2023-12-26 13:04:11
2023-12-26 13:04:11,533:INFO:
Scraped table from: https://www.skysports.com/la-liga-table 
first column: '# 
scrapped date: 2023-12-26 13:04:11
2023-12-26 13:04:11,564:INFO:Saved table from: https://www.gardenroute.com/South-Africa-Distance-Chart_content_op_view_id_2938 scrapped date: 2023-12-26 13:04:11
2023-12-26 13:04:11,564:INFO:Saved table from: https://www.skysports.com/premier-league-table scrapped date: 2023-12-26 13:04:11
2023-12-26 13:04:11,580:INFO:Saved table from: https://www.skysports.com/la-liga-table scrapped date: 2023-12-26 13:04:11
2023-12-26 13:04:44,434:INFO:
Scraped table from: https://www.gardenroute.com/South-Africa-Distance-Chart_content_op_view_id_2938 
first column: 'In Kilometres 
scrapped date: 2023-12-26 13:04:44
2023-12-26 13:04:44,818:INFO:
Scraped table from: https://www.skysports.com/premier-league-table 
first column: '# 
scrapped date: 2023-12-26 13:04:44
2023-12-26 13:04:45,143:INFO:
Scraped table from: https://www.skysports.com/la-liga-table 
first column: '# 
scrapped date: 2023-12-26 13:04:45
2023-12-26 13:04:47,308:INFO:Saved table from: https://www.gardenroute.com/South-Africa-Distance-Chart_content_op_view_id_2938 scrapped date: 2023-12-26 13:04:47
2023-12-26 13:04:47,323:INFO:Saved table from: https://www.skysports.com/premier-league-table scrapped date: 2023-12-26 13:04:47
2023-12-26 13:04:47,339:INFO:Saved table from: https://www.skysports.com/la-liga-table scrapped date: 2023-12-26 13:04:47
2023-12-26 13:13:56,714:INFO:
Scraped table from: https://www.gardenroute.com/South-Africa-Distance-Chart_content_op_view_id_2938 
first column: 'In Kilometres 
scrapped date: 2023-12-26 13:13:56
2023-12-26 13:13:57,282:INFO:
Scraped table from: https://www.skysports.com/premier-league-table 
first column: '# 
scrapped date: 2023-12-26 13:13:57
2023-12-26 13:13:57,476:INFO:
Scraped table from: https://www.skysports.com/la-liga-table 
first column: '# 
scrapped date: 2023-12-26 13:13:57
2023-12-26 13:13:59,676:INFO:Saved table from: https://www.gardenroute.com/South-Africa-Distance-Chart_content_op_view_id_2938 scrapped date: 2023-12-26 13:13:59
2023-12-26 13:13:59,692:INFO:Saved table from: https://www.skysports.com/premier-league-table scrapped date: 2023-12-26 13:13:59
2023-12-26 13:13:59,703:INFO:Saved table from: https://www.skysports.com/la-liga-table scrapped date: 2023-12-26 13:13:59
2023-12-26 13:19:22,700:INFO:
Scraped table from: https://www.gardenroute.com/South-Africa-Distance-Chart_content_op_view_id_2938 
first column: 'In Kilometres 
scrapped date: 2023-12-26 13:19:22
2023-12-26 13:19:22,929:INFO:
Scraped table from: https://www.skysports.com/premier-league-table 
first column: '# 
scrapped date: 2023-12-26 13:19:22
2023-12-26 13:19:23,145:INFO:
Scraped table from: https://www.skysports.com/la-liga-table 
first column: '# 
scrapped date: 2023-12-26 13:19:23
2023-12-26 13:19:27,518:INFO:Saved table from: https://www.gardenroute.com/South-Africa-Distance-Chart_content_op_view_id_2938 scrapped date: 2023-12-26 13:19:27
2023-12-26 13:19:27,570:INFO:Saved table from: https://www.skysports.com/premier-league-table scrapped date: 2023-12-26 13:19:27
2023-12-26 13:19:27,607:INFO:Saved table from: https://www.skysports.com/la-liga-table scrapped date: 2023-12-26 13:19:27
